    cmd_inport.controlModePosVSOrient
    cmd_inport.pos_ref
    cmd_inport.takeoff_flag
    cmd_inport.orient_ref
    cmd_inport.live_time_ticks
    sensor_inport.VisionSensors.opticalFlow_data
    sensor_inport.VisionSensors.posVIS_data
    sensor_inport.VisionSensors.usePosVIS_flag
    sensor_inport.HALSensors.number_HAL_read_call
    sensor_inport.HALSensors.timestamp
    sensor_inport.HALSensors.status
    sensor_inport.HALSensors.used
    sensor_inport.HALSensors.count_user
    sensor_inport.HALSensors.HAL_acc_SI.x
    sensor_inport.HALSensors.HAL_acc_SI.y
    sensor_inport.HALSensors.HAL_acc_SI.z
    sensor_inport.HALSensors.HAL_acc_SI.temperature
    sensor_inport.HALSensors.HAL_gyro_SI.x
    sensor_inport.HALSensors.HAL_gyro_SI.y
    sensor_inport.HALSensors.HAL_gyro_SI.z
    sensor_inport.HALSensors.HAL_gyro_SI.temperature
    sensor_inport.HALSensors.HAL_gyro_SI.temperature_lsb
    sensor_inport.HALSensors.HAL_fifo_count
    sensor_inport.HALSensors.fifo_timestamp
    sensor_inport.HALSensors.HAL_fifo_gyro_SI_TempCorr[0].x
    sensor_inport.HALSensors.HAL_fifo_gyro_SI_TempCorr[0].y
    sensor_inport.HALSensors.HAL_fifo_gyro_SI_TempCorr[0].z
    sensor_inport.HALSensors.HAL_fifo_gyro_SI_TempCorr[1].x
    sensor_inport.HALSensors.HAL_fifo_gyro_SI_TempCorr[1].y
    sensor_inport.HALSensors.HAL_fifo_gyro_SI_TempCorr[1].z
    sensor_inport.HALSensors.HAL_fifo_gyro_SI_TempCorr[2].x
    sensor_inport.HALSensors.HAL_fifo_gyro_SI_TempCorr[2].y
    sensor_inport.HALSensors.HAL_fifo_gyro_SI_TempCorr[2].z
    sensor_inport.HALSensors.HAL_fifo_gyro_SI_TempCorr[3].x
    sensor_inport.HALSensors.HAL_fifo_gyro_SI_TempCorr[3].y
    sensor_inport.HALSensors.HAL_fifo_gyro_SI_TempCorr[3].z
    sensor_inport.HALSensors.HAL_fifo_gyro_SI_TempCorr[4].x
    sensor_inport.HALSensors.HAL_fifo_gyro_SI_TempCorr[4].y
    sensor_inport.HALSensors.HAL_fifo_gyro_SI_TempCorr[4].z
    sensor_inport.HALSensors.HAL_fifo_acce_SI_TempCorr[0].x
    sensor_inport.HALSensors.HAL_fifo_acce_SI_TempCorr[0].y
    sensor_inport.HALSensors.HAL_fifo_acce_SI_TempCorr[0].z
    sensor_inport.HALSensors.HAL_fifo_acce_SI_TempCorr[1].x
    sensor_inport.HALSensors.HAL_fifo_acce_SI_TempCorr[1].y
    sensor_inport.HALSensors.HAL_fifo_acce_SI_TempCorr[1].z
    sensor_inport.HALSensors.HAL_fifo_acce_SI_TempCorr[2].x
    sensor_inport.HALSensors.HAL_fifo_acce_SI_TempCorr[2].y
    sensor_inport.HALSensors.HAL_fifo_acce_SI_TempCorr[2].z
    sensor_inport.HALSensors.HAL_fifo_acce_SI_TempCorr[3].x
    sensor_inport.HALSensors.HAL_fifo_acce_SI_TempCorr[3].y
    sensor_inport.HALSensors.HAL_fifo_acce_SI_TempCorr[3].z
    sensor_inport.HALSensors.HAL_fifo_acce_SI_TempCorr[4].x
    sensor_inport.HALSensors.HAL_fifo_acce_SI_TempCorr[4].y
    sensor_inport.HALSensors.HAL_fifo_acce_SI_TempCorr[4].z
    sensor_inport.HALSensors.HAL_fifo_gyro_SI[0].x
    sensor_inport.HALSensors.HAL_fifo_gyro_SI[0].y
    sensor_inport.HALSensors.HAL_fifo_gyro_SI[0].z
    sensor_inport.HALSensors.HAL_fifo_gyro_SI[1].x
    sensor_inport.HALSensors.HAL_fifo_gyro_SI[1].y
    sensor_inport.HALSensors.HAL_fifo_gyro_SI[1].z
    sensor_inport.HALSensors.HAL_fifo_gyro_SI[2].x
    sensor_inport.HALSensors.HAL_fifo_gyro_SI[2].y
    sensor_inport.HALSensors.HAL_fifo_gyro_SI[2].z
    sensor_inport.HALSensors.HAL_fifo_gyro_SI[3].x
    sensor_inport.HALSensors.HAL_fifo_gyro_SI[3].y
    sensor_inport.HALSensors.HAL_fifo_gyro_SI[3].z
    sensor_inport.HALSensors.HAL_fifo_gyro_SI[4].x
    sensor_inport.HALSensors.HAL_fifo_gyro_SI[4].y
    sensor_inport.HALSensors.HAL_fifo_gyro_SI[4].z
    sensor_inport.HALSensors.HAL_fifo_acce_SI[0].x
    sensor_inport.HALSensors.HAL_fifo_acce_SI[0].y
    sensor_inport.HALSensors.HAL_fifo_acce_SI[0].z
    sensor_inport.HALSensors.HAL_fifo_acce_SI[1].x
    sensor_inport.HALSensors.HAL_fifo_acce_SI[1].y
    sensor_inport.HALSensors.HAL_fifo_acce_SI[1].z
    sensor_inport.HALSensors.HAL_fifo_acce_SI[2].x
    sensor_inport.HALSensors.HAL_fifo_acce_SI[2].y
    sensor_inport.HALSensors.HAL_fifo_acce_SI[2].z
    sensor_inport.HALSensors.HAL_fifo_acce_SI[3].x
    sensor_inport.HALSensors.HAL_fifo_acce_SI[3].y
    sensor_inport.HALSensors.HAL_fifo_acce_SI[3].z
    sensor_inport.HALSensors.HAL_fifo_acce_SI[4].x
    sensor_inport.HALSensors.HAL_fifo_acce_SI[4].y
    sensor_inport.HALSensors.HAL_fifo_acce_SI[4].z
    sensor_inport.HALSensors.HAL_ref_IMU_temp
    sensor_inport.HALSensors.HAL_fifo_fsync
    sensor_inport.HALSensors.HAL_fifo_size
    sensor_inport.HALSensors.HAL_magn_mG.x
    sensor_inport.HALSensors.HAL_magn_mG.y
    sensor_inport.HALSensors.HAL_magn_mG.z
    sensor_inport.HALSensors.HAL_pressure_SI.temperature
    sensor_inport.HALSensors.HAL_pressure_SI.pressure
    sensor_inport.HALSensors.HAL_ultrasound_SI.altitude
    sensor_inport.HALSensors.HAL_ultrasound_SI.raw_altitude
    sensor_inport.HALSensors.HAL_ultrasound_SI.nb_echo
    sensor_inport.HALSensors.HAL_ultrasound_SI.measure_ref
    sensor_inport.HALSensors.HAL_ultrasound_SI.measure_status
    sensor_inport.HALSensors.HAL_ultrasound_SI.new_data
    sensor_inport.HALSensors.HAL_ultrasound_SI.HAL_list_echo.tab_echo[0].begin_echo_index
    sensor_inport.HALSensors.HAL_ultrasound_SI.HAL_list_echo.tab_echo[0].end_echo_index
    sensor_inport.HALSensors.HAL_ultrasound_SI.HAL_list_echo.tab_echo[0].max_value_index
    sensor_inport.HALSensors.HAL_ultrasound_SI.HAL_list_echo.tab_echo[0].max_value
    sensor_inport.HALSensors.HAL_ultrasound_SI.HAL_list_echo.tab_echo[0].precedent
    sensor_inport.HALSensors.HAL_ultrasound_SI.HAL_list_echo.tab_echo[0].d_echo
    sensor_inport.HALSensors.HAL_ultrasound_SI.HAL_list_echo.tab_echo[0].pre_max_index
    sensor_inport.HALSensors.HAL_ultrasound_SI.HAL_list_echo.tab_echo[1].begin_echo_index
    sensor_inport.HALSensors.HAL_ultrasound_SI.HAL_list_echo.tab_echo[1].end_echo_index
    sensor_inport.HALSensors.HAL_ultrasound_SI.HAL_list_echo.tab_echo[1].max_value_index
    sensor_inport.HALSensors.HAL_ultrasound_SI.HAL_list_echo.tab_echo[1].max_value
    sensor_inport.HALSensors.HAL_ultrasound_SI.HAL_list_echo.tab_echo[1].precedent
    sensor_inport.HALSensors.HAL_ultrasound_SI.HAL_list_echo.tab_echo[1].d_echo
    sensor_inport.HALSensors.HAL_ultrasound_SI.HAL_list_echo.tab_echo[1].pre_max_index
    sensor_inport.HALSensors.HAL_ultrasound_SI.HAL_list_echo.tab_echo[2].begin_echo_index
    sensor_inport.HALSensors.HAL_ultrasound_SI.HAL_list_echo.tab_echo[2].end_echo_index
    sensor_inport.HALSensors.HAL_ultrasound_SI.HAL_list_echo.tab_echo[2].max_value_index
    sensor_inport.HALSensors.HAL_ultrasound_SI.HAL_list_echo.tab_echo[2].max_value
    sensor_inport.HALSensors.HAL_ultrasound_SI.HAL_list_echo.tab_echo[2].precedent
    sensor_inport.HALSensors.HAL_ultrasound_SI.HAL_list_echo.tab_echo[2].d_echo
    sensor_inport.HALSensors.HAL_ultrasound_SI.HAL_list_echo.tab_echo[2].pre_max_index
    sensor_inport.HALSensors.HAL_ultrasound_SI.HAL_list_echo.tab_echo[3].begin_echo_index
    sensor_inport.HALSensors.HAL_ultrasound_SI.HAL_list_echo.tab_echo[3].end_echo_index
    sensor_inport.HALSensors.HAL_ultrasound_SI.HAL_list_echo.tab_echo[3].max_value_index
    sensor_inport.HALSensors.HAL_ultrasound_SI.HAL_list_echo.tab_echo[3].max_value
    sensor_inport.HALSensors.HAL_ultrasound_SI.HAL_list_echo.tab_echo[3].precedent
    sensor_inport.HALSensors.HAL_ultrasound_SI.HAL_list_echo.tab_echo[3].d_echo
    sensor_inport.HALSensors.HAL_ultrasound_SI.HAL_list_echo.tab_echo[3].pre_max_index
    sensor_inport.HALSensors.HAL_ultrasound_SI.HAL_list_echo.tab_echo[4].begin_echo_index
    sensor_inport.HALSensors.HAL_ultrasound_SI.HAL_list_echo.tab_echo[4].end_echo_index
    sensor_inport.HALSensors.HAL_ultrasound_SI.HAL_list_echo.tab_echo[4].max_value_index
    sensor_inport.HALSensors.HAL_ultrasound_SI.HAL_list_echo.tab_echo[4].max_value
    sensor_inport.HALSensors.HAL_ultrasound_SI.HAL_list_echo.tab_echo[4].precedent
    sensor_inport.HALSensors.HAL_ultrasound_SI.HAL_list_echo.tab_echo[4].d_echo
    sensor_inport.HALSensors.HAL_ultrasound_SI.HAL_list_echo.tab_echo[4].pre_max_index
    sensor_inport.HALSensors.HAL_ultrasound_SI.HAL_list_echo.tab_echo[5].begin_echo_index
    sensor_inport.HALSensors.HAL_ultrasound_SI.HAL_list_echo.tab_echo[5].end_echo_index
    sensor_inport.HALSensors.HAL_ultrasound_SI.HAL_list_echo.tab_echo[5].max_value_index
    sensor_inport.HALSensors.HAL_ultrasound_SI.HAL_list_echo.tab_echo[5].max_value
    sensor_inport.HALSensors.HAL_ultrasound_SI.HAL_list_echo.tab_echo[5].precedent
    sensor_inport.HALSensors.HAL_ultrasound_SI.HAL_list_echo.tab_echo[5].d_echo
    sensor_inport.HALSensors.HAL_ultrasound_SI.HAL_list_echo.tab_echo[5].pre_max_index
    sensor_inport.HALSensors.HAL_ultrasound_SI.HAL_list_echo.tab_echo[6].begin_echo_index
    sensor_inport.HALSensors.HAL_ultrasound_SI.HAL_list_echo.tab_echo[6].end_echo_index
    sensor_inport.HALSensors.HAL_ultrasound_SI.HAL_list_echo.tab_echo[6].max_value_index
    sensor_inport.HALSensors.HAL_ultrasound_SI.HAL_list_echo.tab_echo[6].max_value
    sensor_inport.HALSensors.HAL_ultrasound_SI.HAL_list_echo.tab_echo[6].precedent
    sensor_inport.HALSensors.HAL_ultrasound_SI.HAL_list_echo.tab_echo[6].d_echo
    sensor_inport.HALSensors.HAL_ultrasound_SI.HAL_list_echo.tab_echo[6].pre_max_index
    sensor_inport.HALSensors.HAL_ultrasound_SI.HAL_list_echo.tab_echo[7].begin_echo_index
    sensor_inport.HALSensors.HAL_ultrasound_SI.HAL_list_echo.tab_echo[7].end_echo_index
    sensor_inport.HALSensors.HAL_ultrasound_SI.HAL_list_echo.tab_echo[7].max_value_index
    sensor_inport.HALSensors.HAL_ultrasound_SI.HAL_list_echo.tab_echo[7].max_value
    sensor_inport.HALSensors.HAL_ultrasound_SI.HAL_list_echo.tab_echo[7].precedent
    sensor_inport.HALSensors.HAL_ultrasound_SI.HAL_list_echo.tab_echo[7].d_echo
    sensor_inport.HALSensors.HAL_ultrasound_SI.HAL_list_echo.tab_echo[7].pre_max_index
    sensor_inport.HALSensors.HAL_ultrasound_SI.HAL_list_echo.tab_echo[8].begin_echo_index
    sensor_inport.HALSensors.HAL_ultrasound_SI.HAL_list_echo.tab_echo[8].end_echo_index
    sensor_inport.HALSensors.HAL_ultrasound_SI.HAL_list_echo.tab_echo[8].max_value_index
    sensor_inport.HALSensors.HAL_ultrasound_SI.HAL_list_echo.tab_echo[8].max_value
    sensor_inport.HALSensors.HAL_ultrasound_SI.HAL_list_echo.tab_echo[8].precedent
    sensor_inport.HALSensors.HAL_ultrasound_SI.HAL_list_echo.tab_echo[8].d_echo
    sensor_inport.HALSensors.HAL_ultrasound_SI.HAL_list_echo.tab_echo[8].pre_max_index
    sensor_inport.HALSensors.HAL_ultrasound_SI.HAL_list_echo.tab_echo[9].begin_echo_index
    sensor_inport.HALSensors.HAL_ultrasound_SI.HAL_list_echo.tab_echo[9].end_echo_index
    sensor_inport.HALSensors.HAL_ultrasound_SI.HAL_list_echo.tab_echo[9].max_value_index
    sensor_inport.HALSensors.HAL_ultrasound_SI.HAL_list_echo.tab_echo[9].max_value
    sensor_inport.HALSensors.HAL_ultrasound_SI.HAL_list_echo.tab_echo[9].precedent
    sensor_inport.HALSensors.HAL_ultrasound_SI.HAL_list_echo.tab_echo[9].d_echo
    sensor_inport.HALSensors.HAL_ultrasound_SI.HAL_list_echo.tab_echo[9].pre_max_index
    sensor_inport.HALSensors.HAL_ultrasound_SI.HAL_list_echo.tab_echo[10].begin_echo_index
    sensor_inport.HALSensors.HAL_ultrasound_SI.HAL_list_echo.tab_echo[10].end_echo_index
    sensor_inport.HALSensors.HAL_ultrasound_SI.HAL_list_echo.tab_echo[10].max_value_index
    sensor_inport.HALSensors.HAL_ultrasound_SI.HAL_list_echo.tab_echo[10].max_value
    sensor_inport.HALSensors.HAL_ultrasound_SI.HAL_list_echo.tab_echo[10].precedent
    sensor_inport.HALSensors.HAL_ultrasound_SI.HAL_list_echo.tab_echo[10].d_echo
    sensor_inport.HALSensors.HAL_ultrasound_SI.HAL_list_echo.tab_echo[10].pre_max_index
    sensor_inport.HALSensors.HAL_ultrasound_SI.HAL_list_echo.tab_echo[11].begin_echo_index
    sensor_inport.HALSensors.HAL_ultrasound_SI.HAL_list_echo.tab_echo[11].end_echo_index
    sensor_inport.HALSensors.HAL_ultrasound_SI.HAL_list_echo.tab_echo[11].max_value_index
    sensor_inport.HALSensors.HAL_ultrasound_SI.HAL_list_echo.tab_echo[11].max_value
    sensor_inport.HALSensors.HAL_ultrasound_SI.HAL_list_echo.tab_echo[11].precedent
    sensor_inport.HALSensors.HAL_ultrasound_SI.HAL_list_echo.tab_echo[11].d_echo
    sensor_inport.HALSensors.HAL_ultrasound_SI.HAL_list_echo.tab_echo[11].pre_max_index
    sensor_inport.HALSensors.HAL_ultrasound_SI.HAL_list_echo.tab_echo[12].begin_echo_index
    sensor_inport.HALSensors.HAL_ultrasound_SI.HAL_list_echo.tab_echo[12].end_echo_index
    sensor_inport.HALSensors.HAL_ultrasound_SI.HAL_list_echo.tab_echo[12].max_value_index
    sensor_inport.HALSensors.HAL_ultrasound_SI.HAL_list_echo.tab_echo[12].max_value
    sensor_inport.HALSensors.HAL_ultrasound_SI.HAL_list_echo.tab_echo[12].precedent
    sensor_inport.HALSensors.HAL_ultrasound_SI.HAL_list_echo.tab_echo[12].d_echo
    sensor_inport.HALSensors.HAL_ultrasound_SI.HAL_list_echo.tab_echo[12].pre_max_index
    sensor_inport.HALSensors.HAL_ultrasound_SI.HAL_list_echo.tab_echo[13].begin_echo_index
    sensor_inport.HALSensors.HAL_ultrasound_SI.HAL_list_echo.tab_echo[13].end_echo_index
    sensor_inport.HALSensors.HAL_ultrasound_SI.HAL_list_echo.tab_echo[13].max_value_index
    sensor_inport.HALSensors.HAL_ultrasound_SI.HAL_list_echo.tab_echo[13].max_value
    sensor_inport.HALSensors.HAL_ultrasound_SI.HAL_list_echo.tab_echo[13].precedent
    sensor_inport.HALSensors.HAL_ultrasound_SI.HAL_list_echo.tab_echo[13].d_echo
    sensor_inport.HALSensors.HAL_ultrasound_SI.HAL_list_echo.tab_echo[13].pre_max_index
    sensor_inport.HALSensors.HAL_ultrasound_SI.HAL_list_echo.tab_echo[14].begin_echo_index
    sensor_inport.HALSensors.HAL_ultrasound_SI.HAL_list_echo.tab_echo[14].end_echo_index
    sensor_inport.HALSensors.HAL_ultrasound_SI.HAL_list_echo.tab_echo[14].max_value_index
    sensor_inport.HALSensors.HAL_ultrasound_SI.HAL_list_echo.tab_echo[14].max_value
    sensor_inport.HALSensors.HAL_ultrasound_SI.HAL_list_echo.tab_echo[14].precedent
    sensor_inport.HALSensors.HAL_ultrasound_SI.HAL_list_echo.tab_echo[14].d_echo
    sensor_inport.HALSensors.HAL_ultrasound_SI.HAL_list_echo.tab_echo[14].pre_max_index
    sensor_inport.HALSensors.HAL_ultrasound_SI.HAL_list_echo.tab_echo[15].begin_echo_index
    sensor_inport.HALSensors.HAL_ultrasound_SI.HAL_list_echo.tab_echo[15].end_echo_index
    sensor_inport.HALSensors.HAL_ultrasound_SI.HAL_list_echo.tab_echo[15].max_value_index
    sensor_inport.HALSensors.HAL_ultrasound_SI.HAL_list_echo.tab_echo[15].max_value
    sensor_inport.HALSensors.HAL_ultrasound_SI.HAL_list_echo.tab_echo[15].precedent
    sensor_inport.HALSensors.HAL_ultrasound_SI.HAL_list_echo.tab_echo[15].d_echo
    sensor_inport.HALSensors.HAL_ultrasound_SI.HAL_list_echo.tab_echo[15].pre_max_index
    sensor_inport.HALSensors.HAL_ultrasound_SI.HAL_list_echo.tab_echo[16].begin_echo_index
    sensor_inport.HALSensors.HAL_ultrasound_SI.HAL_list_echo.tab_echo[16].end_echo_index
    sensor_inport.HALSensors.HAL_ultrasound_SI.HAL_list_echo.tab_echo[16].max_value_index
    sensor_inport.HALSensors.HAL_ultrasound_SI.HAL_list_echo.tab_echo[16].max_value
    sensor_inport.HALSensors.HAL_ultrasound_SI.HAL_list_echo.tab_echo[16].precedent
    sensor_inport.HALSensors.HAL_ultrasound_SI.HAL_list_echo.tab_echo[16].d_echo
    sensor_inport.HALSensors.HAL_ultrasound_SI.HAL_list_echo.tab_echo[16].pre_max_index
    sensor_inport.HALSensors.HAL_ultrasound_SI.HAL_list_echo.tab_echo[17].begin_echo_index
    sensor_inport.HALSensors.HAL_ultrasound_SI.HAL_list_echo.tab_echo[17].end_echo_index
    sensor_inport.HALSensors.HAL_ultrasound_SI.HAL_list_echo.tab_echo[17].max_value_index
    sensor_inport.HALSensors.HAL_ultrasound_SI.HAL_list_echo.tab_echo[17].max_value
    sensor_inport.HALSensors.HAL_ultrasound_SI.HAL_list_echo.tab_echo[17].precedent
    sensor_inport.HALSensors.HAL_ultrasound_SI.HAL_list_echo.tab_echo[17].d_echo
    sensor_inport.HALSensors.HAL_ultrasound_SI.HAL_list_echo.tab_echo[17].pre_max_index
    sensor_inport.HALSensors.HAL_ultrasound_SI.HAL_list_echo.tab_echo[18].begin_echo_index
    sensor_inport.HALSensors.HAL_ultrasound_SI.HAL_list_echo.tab_echo[18].end_echo_index
    sensor_inport.HALSensors.HAL_ultrasound_SI.HAL_list_echo.tab_echo[18].max_value_index
    sensor_inport.HALSensors.HAL_ultrasound_SI.HAL_list_echo.tab_echo[18].max_value
    sensor_inport.HALSensors.HAL_ultrasound_SI.HAL_list_echo.tab_echo[18].precedent
    sensor_inport.HALSensors.HAL_ultrasound_SI.HAL_list_echo.tab_echo[18].d_echo
    sensor_inport.HALSensors.HAL_ultrasound_SI.HAL_list_echo.tab_echo[18].pre_max_index
    sensor_inport.HALSensors.HAL_ultrasound_SI.HAL_list_echo.tab_echo[19].begin_echo_index
    sensor_inport.HALSensors.HAL_ultrasound_SI.HAL_list_echo.tab_echo[19].end_echo_index
    sensor_inport.HALSensors.HAL_ultrasound_SI.HAL_list_echo.tab_echo[19].max_value_index
    sensor_inport.HALSensors.HAL_ultrasound_SI.HAL_list_echo.tab_echo[19].max_value
    sensor_inport.HALSensors.HAL_ultrasound_SI.HAL_list_echo.tab_echo[19].precedent
    sensor_inport.HALSensors.HAL_ultrasound_SI.HAL_list_echo.tab_echo[19].d_echo
    sensor_inport.HALSensors.HAL_ultrasound_SI.HAL_list_echo.tab_echo[19].pre_max_index
    sensor_inport.HALSensors.HAL_ultrasound_SI.HAL_list_echo.tab_echo[20].begin_echo_index
    sensor_inport.HALSensors.HAL_ultrasound_SI.HAL_list_echo.tab_echo[20].end_echo_index
    sensor_inport.HALSensors.HAL_ultrasound_SI.HAL_list_echo.tab_echo[20].max_value_index
    sensor_inport.HALSensors.HAL_ultrasound_SI.HAL_list_echo.tab_echo[20].max_value
    sensor_inport.HALSensors.HAL_ultrasound_SI.HAL_list_echo.tab_echo[20].precedent
    sensor_inport.HALSensors.HAL_ultrasound_SI.HAL_list_echo.tab_echo[20].d_echo
    sensor_inport.HALSensors.HAL_ultrasound_SI.HAL_list_echo.tab_echo[20].pre_max_index
    sensor_inport.HALSensors.HAL_ultrasound_SI.HAL_list_echo.tab_echo[21].begin_echo_index
    sensor_inport.HALSensors.HAL_ultrasound_SI.HAL_list_echo.tab_echo[21].end_echo_index
    sensor_inport.HALSensors.HAL_ultrasound_SI.HAL_list_echo.tab_echo[21].max_value_index
    sensor_inport.HALSensors.HAL_ultrasound_SI.HAL_list_echo.tab_echo[21].max_value
    sensor_inport.HALSensors.HAL_ultrasound_SI.HAL_list_echo.tab_echo[21].precedent
    sensor_inport.HALSensors.HAL_ultrasound_SI.HAL_list_echo.tab_echo[21].d_echo
    sensor_inport.HALSensors.HAL_ultrasound_SI.HAL_list_echo.tab_echo[21].pre_max_index
    sensor_inport.HALSensors.HAL_ultrasound_SI.HAL_list_echo.tab_echo[22].begin_echo_index
    sensor_inport.HALSensors.HAL_ultrasound_SI.HAL_list_echo.tab_echo[22].end_echo_index
    sensor_inport.HALSensors.HAL_ultrasound_SI.HAL_list_echo.tab_echo[22].max_value_index
    sensor_inport.HALSensors.HAL_ultrasound_SI.HAL_list_echo.tab_echo[22].max_value
    sensor_inport.HALSensors.HAL_ultrasound_SI.HAL_list_echo.tab_echo[22].precedent
    sensor_inport.HALSensors.HAL_ultrasound_SI.HAL_list_echo.tab_echo[22].d_echo
    sensor_inport.HALSensors.HAL_ultrasound_SI.HAL_list_echo.tab_echo[22].pre_max_index
    sensor_inport.HALSensors.HAL_ultrasound_SI.HAL_list_echo.tab_echo[23].begin_echo_index
    sensor_inport.HALSensors.HAL_ultrasound_SI.HAL_list_echo.tab_echo[23].end_echo_index
    sensor_inport.HALSensors.HAL_ultrasound_SI.HAL_list_echo.tab_echo[23].max_value_index
    sensor_inport.HALSensors.HAL_ultrasound_SI.HAL_list_echo.tab_echo[23].max_value
    sensor_inport.HALSensors.HAL_ultrasound_SI.HAL_list_echo.tab_echo[23].precedent
    sensor_inport.HALSensors.HAL_ultrasound_SI.HAL_list_echo.tab_echo[23].d_echo
    sensor_inport.HALSensors.HAL_ultrasound_SI.HAL_list_echo.tab_echo[23].pre_max_index
    sensor_inport.HALSensors.HAL_ultrasound_SI.HAL_list_echo.tab_echo[24].begin_echo_index
    sensor_inport.HALSensors.HAL_ultrasound_SI.HAL_list_echo.tab_echo[24].end_echo_index
    sensor_inport.HALSensors.HAL_ultrasound_SI.HAL_list_echo.tab_echo[24].max_value_index
    sensor_inport.HALSensors.HAL_ultrasound_SI.HAL_list_echo.tab_echo[24].max_value
    sensor_inport.HALSensors.HAL_ultrasound_SI.HAL_list_echo.tab_echo[24].precedent
    sensor_inport.HALSensors.HAL_ultrasound_SI.HAL_list_echo.tab_echo[24].d_echo
    sensor_inport.HALSensors.HAL_ultrasound_SI.HAL_list_echo.tab_echo[24].pre_max_index
    sensor_inport.HALSensors.HAL_ultrasound_SI.HAL_list_echo.tab_echo[25].begin_echo_index
    sensor_inport.HALSensors.HAL_ultrasound_SI.HAL_list_echo.tab_echo[25].end_echo_index
    sensor_inport.HALSensors.HAL_ultrasound_SI.HAL_list_echo.tab_echo[25].max_value_index
    sensor_inport.HALSensors.HAL_ultrasound_SI.HAL_list_echo.tab_echo[25].max_value
    sensor_inport.HALSensors.HAL_ultrasound_SI.HAL_list_echo.tab_echo[25].precedent
    sensor_inport.HALSensors.HAL_ultrasound_SI.HAL_list_echo.tab_echo[25].d_echo
    sensor_inport.HALSensors.HAL_ultrasound_SI.HAL_list_echo.tab_echo[25].pre_max_index
    sensor_inport.HALSensors.HAL_ultrasound_SI.HAL_list_echo.tab_echo[26].begin_echo_index
    sensor_inport.HALSensors.HAL_ultrasound_SI.HAL_list_echo.tab_echo[26].end_echo_index
    sensor_inport.HALSensors.HAL_ultrasound_SI.HAL_list_echo.tab_echo[26].max_value_index
    sensor_inport.HALSensors.HAL_ultrasound_SI.HAL_list_echo.tab_echo[26].max_value
    sensor_inport.HALSensors.HAL_ultrasound_SI.HAL_list_echo.tab_echo[26].precedent
    sensor_inport.HALSensors.HAL_ultrasound_SI.HAL_list_echo.tab_echo[26].d_echo
    sensor_inport.HALSensors.HAL_ultrasound_SI.HAL_list_echo.tab_echo[26].pre_max_index
    sensor_inport.HALSensors.HAL_ultrasound_SI.HAL_list_echo.tab_echo[27].begin_echo_index
    sensor_inport.HALSensors.HAL_ultrasound_SI.HAL_list_echo.tab_echo[27].end_echo_index
    sensor_inport.HALSensors.HAL_ultrasound_SI.HAL_list_echo.tab_echo[27].max_value_index
    sensor_inport.HALSensors.HAL_ultrasound_SI.HAL_list_echo.tab_echo[27].max_value
    sensor_inport.HALSensors.HAL_ultrasound_SI.HAL_list_echo.tab_echo[27].precedent
    sensor_inport.HALSensors.HAL_ultrasound_SI.HAL_list_echo.tab_echo[27].d_echo
    sensor_inport.HALSensors.HAL_ultrasound_SI.HAL_list_echo.tab_echo[27].pre_max_index
    sensor_inport.HALSensors.HAL_ultrasound_SI.HAL_list_echo.tab_echo[28].begin_echo_index
    sensor_inport.HALSensors.HAL_ultrasound_SI.HAL_list_echo.tab_echo[28].end_echo_index
    sensor_inport.HALSensors.HAL_ultrasound_SI.HAL_list_echo.tab_echo[28].max_value_index
    sensor_inport.HALSensors.HAL_ultrasound_SI.HAL_list_echo.tab_echo[28].max_value
    sensor_inport.HALSensors.HAL_ultrasound_SI.HAL_list_echo.tab_echo[28].precedent
    sensor_inport.HALSensors.HAL_ultrasound_SI.HAL_list_echo.tab_echo[28].d_echo
    sensor_inport.HALSensors.HAL_ultrasound_SI.HAL_list_echo.tab_echo[28].pre_max_index
    sensor_inport.HALSensors.HAL_ultrasound_SI.HAL_list_echo.tab_echo[29].begin_echo_index
    sensor_inport.HALSensors.HAL_ultrasound_SI.HAL_list_echo.tab_echo[29].end_echo_index
    sensor_inport.HALSensors.HAL_ultrasound_SI.HAL_list_echo.tab_echo[29].max_value_index
    sensor_inport.HALSensors.HAL_ultrasound_SI.HAL_list_echo.tab_echo[29].max_value
    sensor_inport.HALSensors.HAL_ultrasound_SI.HAL_list_echo.tab_echo[29].precedent
    sensor_inport.HALSensors.HAL_ultrasound_SI.HAL_list_echo.tab_echo[29].d_echo
    sensor_inport.HALSensors.HAL_ultrasound_SI.HAL_list_echo.tab_echo[29].pre_max_index
    sensor_inport.HALSensors.HAL_ultrasound_SI.HAL_list_echo.number_of_echoes
    sensor_inport.HALSensors.HAL_ultrasound_SI.HAL_list_echo_p.tab_echo[0].begin_echo_index
    sensor_inport.HALSensors.HAL_ultrasound_SI.HAL_list_echo_p.tab_echo[0].end_echo_index
    sensor_inport.HALSensors.HAL_ultrasound_SI.HAL_list_echo_p.tab_echo[0].max_value_index
    sensor_inport.HALSensors.HAL_ultrasound_SI.HAL_list_echo_p.tab_echo[0].max_value
    sensor_inport.HALSensors.HAL_ultrasound_SI.HAL_list_echo_p.tab_echo[0].precedent
    sensor_inport.HALSensors.HAL_ultrasound_SI.HAL_list_echo_p.tab_echo[0].d_echo
    sensor_inport.HALSensors.HAL_ultrasound_SI.HAL_list_echo_p.tab_echo[0].pre_max_index
    sensor_inport.HALSensors.HAL_ultrasound_SI.HAL_list_echo_p.tab_echo[1].begin_echo_index
    sensor_inport.HALSensors.HAL_ultrasound_SI.HAL_list_echo_p.tab_echo[1].end_echo_index
    sensor_inport.HALSensors.HAL_ultrasound_SI.HAL_list_echo_p.tab_echo[1].max_value_index
    sensor_inport.HALSensors.HAL_ultrasound_SI.HAL_list_echo_p.tab_echo[1].max_value
    sensor_inport.HALSensors.HAL_ultrasound_SI.HAL_list_echo_p.tab_echo[1].precedent
    sensor_inport.HALSensors.HAL_ultrasound_SI.HAL_list_echo_p.tab_echo[1].d_echo
    sensor_inport.HALSensors.HAL_ultrasound_SI.HAL_list_echo_p.tab_echo[1].pre_max_index
    sensor_inport.HALSensors.HAL_ultrasound_SI.HAL_list_echo_p.tab_echo[2].begin_echo_index
    sensor_inport.HALSensors.HAL_ultrasound_SI.HAL_list_echo_p.tab_echo[2].end_echo_index
    sensor_inport.HALSensors.HAL_ultrasound_SI.HAL_list_echo_p.tab_echo[2].max_value_index
    sensor_inport.HALSensors.HAL_ultrasound_SI.HAL_list_echo_p.tab_echo[2].max_value
    sensor_inport.HALSensors.HAL_ultrasound_SI.HAL_list_echo_p.tab_echo[2].precedent
    sensor_inport.HALSensors.HAL_ultrasound_SI.HAL_list_echo_p.tab_echo[2].d_echo
    sensor_inport.HALSensors.HAL_ultrasound_SI.HAL_list_echo_p.tab_echo[2].pre_max_index
    sensor_inport.HALSensors.HAL_ultrasound_SI.HAL_list_echo_p.tab_echo[3].begin_echo_index
    sensor_inport.HALSensors.HAL_ultrasound_SI.HAL_list_echo_p.tab_echo[3].end_echo_index
    sensor_inport.HALSensors.HAL_ultrasound_SI.HAL_list_echo_p.tab_echo[3].max_value_index
    sensor_inport.HALSensors.HAL_ultrasound_SI.HAL_list_echo_p.tab_echo[3].max_value
    sensor_inport.HALSensors.HAL_ultrasound_SI.HAL_list_echo_p.tab_echo[3].precedent
    sensor_inport.HALSensors.HAL_ultrasound_SI.HAL_list_echo_p.tab_echo[3].d_echo
    sensor_inport.HALSensors.HAL_ultrasound_SI.HAL_list_echo_p.tab_echo[3].pre_max_index
    sensor_inport.HALSensors.HAL_ultrasound_SI.HAL_list_echo_p.tab_echo[4].begin_echo_index
    sensor_inport.HALSensors.HAL_ultrasound_SI.HAL_list_echo_p.tab_echo[4].end_echo_index
    sensor_inport.HALSensors.HAL_ultrasound_SI.HAL_list_echo_p.tab_echo[4].max_value_index
    sensor_inport.HALSensors.HAL_ultrasound_SI.HAL_list_echo_p.tab_echo[4].max_value
    sensor_inport.HALSensors.HAL_ultrasound_SI.HAL_list_echo_p.tab_echo[4].precedent
    sensor_inport.HALSensors.HAL_ultrasound_SI.HAL_list_echo_p.tab_echo[4].d_echo
    sensor_inport.HALSensors.HAL_ultrasound_SI.HAL_list_echo_p.tab_echo[4].pre_max_index
    sensor_inport.HALSensors.HAL_ultrasound_SI.HAL_list_echo_p.tab_echo[5].begin_echo_index
    sensor_inport.HALSensors.HAL_ultrasound_SI.HAL_list_echo_p.tab_echo[5].end_echo_index
    sensor_inport.HALSensors.HAL_ultrasound_SI.HAL_list_echo_p.tab_echo[5].max_value_index
    sensor_inport.HALSensors.HAL_ultrasound_SI.HAL_list_echo_p.tab_echo[5].max_value
    sensor_inport.HALSensors.HAL_ultrasound_SI.HAL_list_echo_p.tab_echo[5].precedent
    sensor_inport.HALSensors.HAL_ultrasound_SI.HAL_list_echo_p.tab_echo[5].d_echo
    sensor_inport.HALSensors.HAL_ultrasound_SI.HAL_list_echo_p.tab_echo[5].pre_max_index
    sensor_inport.HALSensors.HAL_ultrasound_SI.HAL_list_echo_p.tab_echo[6].begin_echo_index
    sensor_inport.HALSensors.HAL_ultrasound_SI.HAL_list_echo_p.tab_echo[6].end_echo_index
    sensor_inport.HALSensors.HAL_ultrasound_SI.HAL_list_echo_p.tab_echo[6].max_value_index
    sensor_inport.HALSensors.HAL_ultrasound_SI.HAL_list_echo_p.tab_echo[6].max_value
    sensor_inport.HALSensors.HAL_ultrasound_SI.HAL_list_echo_p.tab_echo[6].precedent
    sensor_inport.HALSensors.HAL_ultrasound_SI.HAL_list_echo_p.tab_echo[6].d_echo
    sensor_inport.HALSensors.HAL_ultrasound_SI.HAL_list_echo_p.tab_echo[6].pre_max_index
    sensor_inport.HALSensors.HAL_ultrasound_SI.HAL_list_echo_p.tab_echo[7].begin_echo_index
    sensor_inport.HALSensors.HAL_ultrasound_SI.HAL_list_echo_p.tab_echo[7].end_echo_index
    sensor_inport.HALSensors.HAL_ultrasound_SI.HAL_list_echo_p.tab_echo[7].max_value_index
    sensor_inport.HALSensors.HAL_ultrasound_SI.HAL_list_echo_p.tab_echo[7].max_value
    sensor_inport.HALSensors.HAL_ultrasound_SI.HAL_list_echo_p.tab_echo[7].precedent
    sensor_inport.HALSensors.HAL_ultrasound_SI.HAL_list_echo_p.tab_echo[7].d_echo
    sensor_inport.HALSensors.HAL_ultrasound_SI.HAL_list_echo_p.tab_echo[7].pre_max_index
    sensor_inport.HALSensors.HAL_ultrasound_SI.HAL_list_echo_p.tab_echo[8].begin_echo_index
    sensor_inport.HALSensors.HAL_ultrasound_SI.HAL_list_echo_p.tab_echo[8].end_echo_index
    sensor_inport.HALSensors.HAL_ultrasound_SI.HAL_list_echo_p.tab_echo[8].max_value_index
    sensor_inport.HALSensors.HAL_ultrasound_SI.HAL_list_echo_p.tab_echo[8].max_value
    sensor_inport.HALSensors.HAL_ultrasound_SI.HAL_list_echo_p.tab_echo[8].precedent
    sensor_inport.HALSensors.HAL_ultrasound_SI.HAL_list_echo_p.tab_echo[8].d_echo
    sensor_inport.HALSensors.HAL_ultrasound_SI.HAL_list_echo_p.tab_echo[8].pre_max_index
    sensor_inport.HALSensors.HAL_ultrasound_SI.HAL_list_echo_p.tab_echo[9].begin_echo_index
    sensor_inport.HALSensors.HAL_ultrasound_SI.HAL_list_echo_p.tab_echo[9].end_echo_index
    sensor_inport.HALSensors.HAL_ultrasound_SI.HAL_list_echo_p.tab_echo[9].max_value_index
    sensor_inport.HALSensors.HAL_ultrasound_SI.HAL_list_echo_p.tab_echo[9].max_value
    sensor_inport.HALSensors.HAL_ultrasound_SI.HAL_list_echo_p.tab_echo[9].precedent
    sensor_inport.HALSensors.HAL_ultrasound_SI.HAL_list_echo_p.tab_echo[9].d_echo
    sensor_inport.HALSensors.HAL_ultrasound_SI.HAL_list_echo_p.tab_echo[9].pre_max_index
    sensor_inport.HALSensors.HAL_ultrasound_SI.HAL_list_echo_p.tab_echo[10].begin_echo_index
    sensor_inport.HALSensors.HAL_ultrasound_SI.HAL_list_echo_p.tab_echo[10].end_echo_index
    sensor_inport.HALSensors.HAL_ultrasound_SI.HAL_list_echo_p.tab_echo[10].max_value_index
    sensor_inport.HALSensors.HAL_ultrasound_SI.HAL_list_echo_p.tab_echo[10].max_value
    sensor_inport.HALSensors.HAL_ultrasound_SI.HAL_list_echo_p.tab_echo[10].precedent
    sensor_inport.HALSensors.HAL_ultrasound_SI.HAL_list_echo_p.tab_echo[10].d_echo
    sensor_inport.HALSensors.HAL_ultrasound_SI.HAL_list_echo_p.tab_echo[10].pre_max_index
    sensor_inport.HALSensors.HAL_ultrasound_SI.HAL_list_echo_p.tab_echo[11].begin_echo_index
    sensor_inport.HALSensors.HAL_ultrasound_SI.HAL_list_echo_p.tab_echo[11].end_echo_index
    sensor_inport.HALSensors.HAL_ultrasound_SI.HAL_list_echo_p.tab_echo[11].max_value_index
    sensor_inport.HALSensors.HAL_ultrasound_SI.HAL_list_echo_p.tab_echo[11].max_value
    sensor_inport.HALSensors.HAL_ultrasound_SI.HAL_list_echo_p.tab_echo[11].precedent
    sensor_inport.HALSensors.HAL_ultrasound_SI.HAL_list_echo_p.tab_echo[11].d_echo
    sensor_inport.HALSensors.HAL_ultrasound_SI.HAL_list_echo_p.tab_echo[11].pre_max_index
    sensor_inport.HALSensors.HAL_ultrasound_SI.HAL_list_echo_p.tab_echo[12].begin_echo_index
    sensor_inport.HALSensors.HAL_ultrasound_SI.HAL_list_echo_p.tab_echo[12].end_echo_index
    sensor_inport.HALSensors.HAL_ultrasound_SI.HAL_list_echo_p.tab_echo[12].max_value_index
    sensor_inport.HALSensors.HAL_ultrasound_SI.HAL_list_echo_p.tab_echo[12].max_value
    sensor_inport.HALSensors.HAL_ultrasound_SI.HAL_list_echo_p.tab_echo[12].precedent
    sensor_inport.HALSensors.HAL_ultrasound_SI.HAL_list_echo_p.tab_echo[12].d_echo
    sensor_inport.HALSensors.HAL_ultrasound_SI.HAL_list_echo_p.tab_echo[12].pre_max_index
    sensor_inport.HALSensors.HAL_ultrasound_SI.HAL_list_echo_p.tab_echo[13].begin_echo_index
    sensor_inport.HALSensors.HAL_ultrasound_SI.HAL_list_echo_p.tab_echo[13].end_echo_index
    sensor_inport.HALSensors.HAL_ultrasound_SI.HAL_list_echo_p.tab_echo[13].max_value_index
    sensor_inport.HALSensors.HAL_ultrasound_SI.HAL_list_echo_p.tab_echo[13].max_value
    sensor_inport.HALSensors.HAL_ultrasound_SI.HAL_list_echo_p.tab_echo[13].precedent
    sensor_inport.HALSensors.HAL_ultrasound_SI.HAL_list_echo_p.tab_echo[13].d_echo
    sensor_inport.HALSensors.HAL_ultrasound_SI.HAL_list_echo_p.tab_echo[13].pre_max_index
    sensor_inport.HALSensors.HAL_ultrasound_SI.HAL_list_echo_p.tab_echo[14].begin_echo_index
    sensor_inport.HALSensors.HAL_ultrasound_SI.HAL_list_echo_p.tab_echo[14].end_echo_index
    sensor_inport.HALSensors.HAL_ultrasound_SI.HAL_list_echo_p.tab_echo[14].max_value_index
    sensor_inport.HALSensors.HAL_ultrasound_SI.HAL_list_echo_p.tab_echo[14].max_value
    sensor_inport.HALSensors.HAL_ultrasound_SI.HAL_list_echo_p.tab_echo[14].precedent
    sensor_inport.HALSensors.HAL_ultrasound_SI.HAL_list_echo_p.tab_echo[14].d_echo
    sensor_inport.HALSensors.HAL_ultrasound_SI.HAL_list_echo_p.tab_echo[14].pre_max_index
    sensor_inport.HALSensors.HAL_ultrasound_SI.HAL_list_echo_p.tab_echo[15].begin_echo_index
    sensor_inport.HALSensors.HAL_ultrasound_SI.HAL_list_echo_p.tab_echo[15].end_echo_index
    sensor_inport.HALSensors.HAL_ultrasound_SI.HAL_list_echo_p.tab_echo[15].max_value_index
    sensor_inport.HALSensors.HAL_ultrasound_SI.HAL_list_echo_p.tab_echo[15].max_value
    sensor_inport.HALSensors.HAL_ultrasound_SI.HAL_list_echo_p.tab_echo[15].precedent
    sensor_inport.HALSensors.HAL_ultrasound_SI.HAL_list_echo_p.tab_echo[15].d_echo
    sensor_inport.HALSensors.HAL_ultrasound_SI.HAL_list_echo_p.tab_echo[15].pre_max_index
    sensor_inport.HALSensors.HAL_ultrasound_SI.HAL_list_echo_p.tab_echo[16].begin_echo_index
    sensor_inport.HALSensors.HAL_ultrasound_SI.HAL_list_echo_p.tab_echo[16].end_echo_index
    sensor_inport.HALSensors.HAL_ultrasound_SI.HAL_list_echo_p.tab_echo[16].max_value_index
    sensor_inport.HALSensors.HAL_ultrasound_SI.HAL_list_echo_p.tab_echo[16].max_value
    sensor_inport.HALSensors.HAL_ultrasound_SI.HAL_list_echo_p.tab_echo[16].precedent
    sensor_inport.HALSensors.HAL_ultrasound_SI.HAL_list_echo_p.tab_echo[16].d_echo
    sensor_inport.HALSensors.HAL_ultrasound_SI.HAL_list_echo_p.tab_echo[16].pre_max_index
    sensor_inport.HALSensors.HAL_ultrasound_SI.HAL_list_echo_p.tab_echo[17].begin_echo_index
    sensor_inport.HALSensors.HAL_ultrasound_SI.HAL_list_echo_p.tab_echo[17].end_echo_index
    sensor_inport.HALSensors.HAL_ultrasound_SI.HAL_list_echo_p.tab_echo[17].max_value_index
    sensor_inport.HALSensors.HAL_ultrasound_SI.HAL_list_echo_p.tab_echo[17].max_value
    sensor_inport.HALSensors.HAL_ultrasound_SI.HAL_list_echo_p.tab_echo[17].precedent
    sensor_inport.HALSensors.HAL_ultrasound_SI.HAL_list_echo_p.tab_echo[17].d_echo
    sensor_inport.HALSensors.HAL_ultrasound_SI.HAL_list_echo_p.tab_echo[17].pre_max_index
    sensor_inport.HALSensors.HAL_ultrasound_SI.HAL_list_echo_p.tab_echo[18].begin_echo_index
    sensor_inport.HALSensors.HAL_ultrasound_SI.HAL_list_echo_p.tab_echo[18].end_echo_index
    sensor_inport.HALSensors.HAL_ultrasound_SI.HAL_list_echo_p.tab_echo[18].max_value_index
    sensor_inport.HALSensors.HAL_ultrasound_SI.HAL_list_echo_p.tab_echo[18].max_value
    sensor_inport.HALSensors.HAL_ultrasound_SI.HAL_list_echo_p.tab_echo[18].precedent
    sensor_inport.HALSensors.HAL_ultrasound_SI.HAL_list_echo_p.tab_echo[18].d_echo
    sensor_inport.HALSensors.HAL_ultrasound_SI.HAL_list_echo_p.tab_echo[18].pre_max_index
    sensor_inport.HALSensors.HAL_ultrasound_SI.HAL_list_echo_p.tab_echo[19].begin_echo_index
    sensor_inport.HALSensors.HAL_ultrasound_SI.HAL_list_echo_p.tab_echo[19].end_echo_index
    sensor_inport.HALSensors.HAL_ultrasound_SI.HAL_list_echo_p.tab_echo[19].max_value_index
    sensor_inport.HALSensors.HAL_ultrasound_SI.HAL_list_echo_p.tab_echo[19].max_value
    sensor_inport.HALSensors.HAL_ultrasound_SI.HAL_list_echo_p.tab_echo[19].precedent
    sensor_inport.HALSensors.HAL_ultrasound_SI.HAL_list_echo_p.tab_echo[19].d_echo
    sensor_inport.HALSensors.HAL_ultrasound_SI.HAL_list_echo_p.tab_echo[19].pre_max_index
    sensor_inport.HALSensors.HAL_ultrasound_SI.HAL_list_echo_p.tab_echo[20].begin_echo_index
    sensor_inport.HALSensors.HAL_ultrasound_SI.HAL_list_echo_p.tab_echo[20].end_echo_index
    sensor_inport.HALSensors.HAL_ultrasound_SI.HAL_list_echo_p.tab_echo[20].max_value_index
    sensor_inport.HALSensors.HAL_ultrasound_SI.HAL_list_echo_p.tab_echo[20].max_value
    sensor_inport.HALSensors.HAL_ultrasound_SI.HAL_list_echo_p.tab_echo[20].precedent
    sensor_inport.HALSensors.HAL_ultrasound_SI.HAL_list_echo_p.tab_echo[20].d_echo
    sensor_inport.HALSensors.HAL_ultrasound_SI.HAL_list_echo_p.tab_echo[20].pre_max_index
    sensor_inport.HALSensors.HAL_ultrasound_SI.HAL_list_echo_p.tab_echo[21].begin_echo_index
    sensor_inport.HALSensors.HAL_ultrasound_SI.HAL_list_echo_p.tab_echo[21].end_echo_index
    sensor_inport.HALSensors.HAL_ultrasound_SI.HAL_list_echo_p.tab_echo[21].max_value_index
    sensor_inport.HALSensors.HAL_ultrasound_SI.HAL_list_echo_p.tab_echo[21].max_value
    sensor_inport.HALSensors.HAL_ultrasound_SI.HAL_list_echo_p.tab_echo[21].precedent
    sensor_inport.HALSensors.HAL_ultrasound_SI.HAL_list_echo_p.tab_echo[21].d_echo
    sensor_inport.HALSensors.HAL_ultrasound_SI.HAL_list_echo_p.tab_echo[21].pre_max_index
    sensor_inport.HALSensors.HAL_ultrasound_SI.HAL_list_echo_p.tab_echo[22].begin_echo_index
    sensor_inport.HALSensors.HAL_ultrasound_SI.HAL_list_echo_p.tab_echo[22].end_echo_index
    sensor_inport.HALSensors.HAL_ultrasound_SI.HAL_list_echo_p.tab_echo[22].max_value_index
    sensor_inport.HALSensors.HAL_ultrasound_SI.HAL_list_echo_p.tab_echo[22].max_value
    sensor_inport.HALSensors.HAL_ultrasound_SI.HAL_list_echo_p.tab_echo[22].precedent
    sensor_inport.HALSensors.HAL_ultrasound_SI.HAL_list_echo_p.tab_echo[22].d_echo
    sensor_inport.HALSensors.HAL_ultrasound_SI.HAL_list_echo_p.tab_echo[22].pre_max_index
    sensor_inport.HALSensors.HAL_ultrasound_SI.HAL_list_echo_p.tab_echo[23].begin_echo_index
    sensor_inport.HALSensors.HAL_ultrasound_SI.HAL_list_echo_p.tab_echo[23].end_echo_index
    sensor_inport.HALSensors.HAL_ultrasound_SI.HAL_list_echo_p.tab_echo[23].max_value_index
    sensor_inport.HALSensors.HAL_ultrasound_SI.HAL_list_echo_p.tab_echo[23].max_value
    sensor_inport.HALSensors.HAL_ultrasound_SI.HAL_list_echo_p.tab_echo[23].precedent
    sensor_inport.HALSensors.HAL_ultrasound_SI.HAL_list_echo_p.tab_echo[23].d_echo
    sensor_inport.HALSensors.HAL_ultrasound_SI.HAL_list_echo_p.tab_echo[23].pre_max_index
    sensor_inport.HALSensors.HAL_ultrasound_SI.HAL_list_echo_p.tab_echo[24].begin_echo_index
    sensor_inport.HALSensors.HAL_ultrasound_SI.HAL_list_echo_p.tab_echo[24].end_echo_index
    sensor_inport.HALSensors.HAL_ultrasound_SI.HAL_list_echo_p.tab_echo[24].max_value_index
    sensor_inport.HALSensors.HAL_ultrasound_SI.HAL_list_echo_p.tab_echo[24].max_value
    sensor_inport.HALSensors.HAL_ultrasound_SI.HAL_list_echo_p.tab_echo[24].precedent
    sensor_inport.HALSensors.HAL_ultrasound_SI.HAL_list_echo_p.tab_echo[24].d_echo
    sensor_inport.HALSensors.HAL_ultrasound_SI.HAL_list_echo_p.tab_echo[24].pre_max_index
    sensor_inport.HALSensors.HAL_ultrasound_SI.HAL_list_echo_p.tab_echo[25].begin_echo_index
    sensor_inport.HALSensors.HAL_ultrasound_SI.HAL_list_echo_p.tab_echo[25].end_echo_index
    sensor_inport.HALSensors.HAL_ultrasound_SI.HAL_list_echo_p.tab_echo[25].max_value_index
    sensor_inport.HALSensors.HAL_ultrasound_SI.HAL_list_echo_p.tab_echo[25].max_value
    sensor_inport.HALSensors.HAL_ultrasound_SI.HAL_list_echo_p.tab_echo[25].precedent
    sensor_inport.HALSensors.HAL_ultrasound_SI.HAL_list_echo_p.tab_echo[25].d_echo
    sensor_inport.HALSensors.HAL_ultrasound_SI.HAL_list_echo_p.tab_echo[25].pre_max_index
    sensor_inport.HALSensors.HAL_ultrasound_SI.HAL_list_echo_p.tab_echo[26].begin_echo_index
    sensor_inport.HALSensors.HAL_ultrasound_SI.HAL_list_echo_p.tab_echo[26].end_echo_index
    sensor_inport.HALSensors.HAL_ultrasound_SI.HAL_list_echo_p.tab_echo[26].max_value_index
    sensor_inport.HALSensors.HAL_ultrasound_SI.HAL_list_echo_p.tab_echo[26].max_value
    sensor_inport.HALSensors.HAL_ultrasound_SI.HAL_list_echo_p.tab_echo[26].precedent
    sensor_inport.HALSensors.HAL_ultrasound_SI.HAL_list_echo_p.tab_echo[26].d_echo
    sensor_inport.HALSensors.HAL_ultrasound_SI.HAL_list_echo_p.tab_echo[26].pre_max_index
    sensor_inport.HALSensors.HAL_ultrasound_SI.HAL_list_echo_p.tab_echo[27].begin_echo_index
    sensor_inport.HALSensors.HAL_ultrasound_SI.HAL_list_echo_p.tab_echo[27].end_echo_index
    sensor_inport.HALSensors.HAL_ultrasound_SI.HAL_list_echo_p.tab_echo[27].max_value_index
    sensor_inport.HALSensors.HAL_ultrasound_SI.HAL_list_echo_p.tab_echo[27].max_value
    sensor_inport.HALSensors.HAL_ultrasound_SI.HAL_list_echo_p.tab_echo[27].precedent
    sensor_inport.HALSensors.HAL_ultrasound_SI.HAL_list_echo_p.tab_echo[27].d_echo
    sensor_inport.HALSensors.HAL_ultrasound_SI.HAL_list_echo_p.tab_echo[27].pre_max_index
    sensor_inport.HALSensors.HAL_ultrasound_SI.HAL_list_echo_p.tab_echo[28].begin_echo_index
    sensor_inport.HALSensors.HAL_ultrasound_SI.HAL_list_echo_p.tab_echo[28].end_echo_index
    sensor_inport.HALSensors.HAL_ultrasound_SI.HAL_list_echo_p.tab_echo[28].max_value_index
    sensor_inport.HALSensors.HAL_ultrasound_SI.HAL_list_echo_p.tab_echo[28].max_value
    sensor_inport.HALSensors.HAL_ultrasound_SI.HAL_list_echo_p.tab_echo[28].precedent
    sensor_inport.HALSensors.HAL_ultrasound_SI.HAL_list_echo_p.tab_echo[28].d_echo
    sensor_inport.HALSensors.HAL_ultrasound_SI.HAL_list_echo_p.tab_echo[28].pre_max_index
    sensor_inport.HALSensors.HAL_ultrasound_SI.HAL_list_echo_p.tab_echo[29].begin_echo_index
    sensor_inport.HALSensors.HAL_ultrasound_SI.HAL_list_echo_p.tab_echo[29].end_echo_index
    sensor_inport.HALSensors.HAL_ultrasound_SI.HAL_list_echo_p.tab_echo[29].max_value_index
    sensor_inport.HALSensors.HAL_ultrasound_SI.HAL_list_echo_p.tab_echo[29].max_value
    sensor_inport.HALSensors.HAL_ultrasound_SI.HAL_list_echo_p.tab_echo[29].precedent
    sensor_inport.HALSensors.HAL_ultrasound_SI.HAL_list_echo_p.tab_echo[29].d_echo
    sensor_inport.HALSensors.HAL_ultrasound_SI.HAL_list_echo_p.tab_echo[29].pre_max_index
    sensor_inport.HALSensors.HAL_ultrasound_SI.HAL_list_echo_p.number_of_echoes
    sensor_inport.HALSensors.padding
    sensor_inport.HALSensors.HAL_vbat_SI.vbat_V
    sensor_inport.HALSensors.HAL_vbat_SI.vbat_percentage
    sensor_inport.SensorCalibration
imRGB
motors_outport
flag_outport
